2025-06-05 17:02:28.653 [info] [main] Log level: Info
2025-06-05 17:02:28.653 [info] [main] Validating found git in: "git"
2025-06-05 17:02:28.653 [info] [main] Using git "2.43.0" from "git"
2025-06-05 17:02:28.653 [info] [Model][doInitialScan] Initial repository scan started
2025-06-05 17:02:28.653 [info] > git rev-parse --show-toplevel [6ms]
2025-06-05 17:02:28.653 [info] fatal: not a git repository (or any parent up to mount point /)
Stopping at filesystem boundary (GIT_DISCOVERY_ACROSS_FILESYSTEM not set).
2025-06-05 17:02:28.653 [info] > git rev-parse --show-toplevel [3ms]
2025-06-05 17:02:28.653 [info] fatal: not a git repository (or any parent up to mount point /)
Stopping at filesystem boundary (GIT_DISCOVERY_ACROSS_FILESYSTEM not set).
2025-06-05 17:02:28.653 [info] > git rev-parse --show-toplevel [2ms]
2025-06-05 17:02:28.653 [info] fatal: not a git repository (or any parent up to mount point /)
Stopping at filesystem boundary (GIT_DISCOVERY_ACROSS_FILESYSTEM not set).
2025-06-05 17:02:28.653 [info] > git rev-parse --show-toplevel [2ms]
2025-06-05 17:02:28.653 [info] fatal: not a git repository (or any parent up to mount point /)
Stopping at filesystem boundary (GIT_DISCOVERY_ACROSS_FILESYSTEM not set).
2025-06-05 17:02:28.653 [info] > git rev-parse --show-toplevel [53ms]
2025-06-05 17:02:28.653 [info] fatal: not a git repository (or any parent up to mount point /)
Stopping at filesystem boundary (GIT_DISCOVERY_ACROSS_FILESYSTEM not set).
2025-06-05 17:02:28.653 [info] > git rev-parse --show-toplevel [215ms]
2025-06-05 17:02:28.653 [info] fatal: not a git repository (or any parent up to mount point /)
Stopping at filesystem boundary (GIT_DISCOVERY_ACROSS_FILESYSTEM not set).
2025-06-05 17:02:28.653 [info] > git rev-parse --show-toplevel [11ms]
2025-06-05 17:02:28.653 [info] fatal: not a git repository (or any parent up to mount point /)
Stopping at filesystem boundary (GIT_DISCOVERY_ACROSS_FILESYSTEM not set).
2025-06-05 17:02:28.653 [info] > git rev-parse --show-toplevel [11ms]
2025-06-05 17:02:28.653 [info] fatal: not a git repository (or any parent up to mount point /)
Stopping at filesystem boundary (GIT_DISCOVERY_ACROSS_FILESYSTEM not set).
2025-06-05 17:02:28.656 [info] > git rev-parse --show-toplevel [3ms]
2025-06-05 17:02:28.656 [info] fatal: not a git repository (or any parent up to mount point /)
Stopping at filesystem boundary (GIT_DISCOVERY_ACROSS_FILESYSTEM not set).
2025-06-05 17:02:28.663 [info] > git rev-parse --show-toplevel [2ms]
2025-06-05 17:02:28.663 [info] fatal: not a git repository (or any parent up to mount point /)
Stopping at filesystem boundary (GIT_DISCOVERY_ACROSS_FILESYSTEM not set).
2025-06-05 17:02:28.664 [info] [Model][doInitialScan] Initial repository scan completed - repositories (0), closed repositories (0), parent repositories (0), unsafe repositories (0)
2025-06-05 17:04:42.274 [info] > git rev-parse --show-toplevel [8ms]
2025-06-05 17:04:42.274 [info] fatal: not a git repository (or any parent up to mount point /)
Stopping at filesystem boundary (GIT_DISCOVERY_ACROSS_FILESYSTEM not set).
2025-06-05 17:04:46.576 [info] > git rev-parse --show-toplevel [16ms]
2025-06-05 17:04:46.576 [info] fatal: not a git repository (or any parent up to mount point /)
Stopping at filesystem boundary (GIT_DISCOVERY_ACROSS_FILESYSTEM not set).
2025-06-05 17:04:55.148 [info] > git rev-parse --show-toplevel [9ms]
2025-06-05 17:04:55.148 [info] fatal: not a git repository (or any parent up to mount point /)
Stopping at filesystem boundary (GIT_DISCOVERY_ACROSS_FILESYSTEM not set).
