2025-06-05 09:28:06.469 [info] [main] Log level: Info
2025-06-05 09:28:06.473 [info] [main] Validating found git in: "git"
2025-06-05 09:28:06.473 [info] [main] Using git "2.43.0" from "git"
2025-06-05 09:28:06.473 [info] [Model][doInitialScan] Initial repository scan started
2025-06-05 09:28:06.473 [info] > git rev-parse --show-toplevel [1625ms]
2025-06-05 09:28:06.473 [info] fatal: not a git repository (or any parent up to mount point /)
Stopping at filesystem boundary (GIT_DISCOVERY_ACROSS_FILESYSTEM not set).
2025-06-05 09:28:06.479 [info] > git rev-parse --show-toplevel [7ms]
2025-06-05 09:28:06.479 [info] fatal: not a git repository (or any parent up to mount point /)
Stopping at filesystem boundary (GIT_DISCOVERY_ACROSS_FILESYSTEM not set).
2025-06-05 09:28:06.492 [info] > git rev-parse --show-toplevel [1ms]
2025-06-05 09:28:06.492 [info] fatal: not a git repository (or any parent up to mount point /)
Stopping at filesystem boundary (GIT_DISCOVERY_ACROSS_FILESYSTEM not set).
2025-06-05 09:28:06.502 [info] > git rev-parse --show-toplevel [3ms]
2025-06-05 09:28:06.503 [info] fatal: not a git repository (or any parent up to mount point /)
Stopping at filesystem boundary (GIT_DISCOVERY_ACROSS_FILESYSTEM not set).
2025-06-05 09:28:06.512 [info] > git rev-parse --show-toplevel [1ms]
2025-06-05 09:28:06.512 [info] fatal: not a git repository (or any parent up to mount point /)
Stopping at filesystem boundary (GIT_DISCOVERY_ACROSS_FILESYSTEM not set).
2025-06-05 09:28:06.523 [info] > git rev-parse --show-toplevel [1ms]
2025-06-05 09:28:06.523 [info] fatal: not a git repository (or any parent up to mount point /)
Stopping at filesystem boundary (GIT_DISCOVERY_ACROSS_FILESYSTEM not set).
2025-06-05 09:28:06.532 [info] > git rev-parse --show-toplevel [2ms]
2025-06-05 09:28:06.532 [info] fatal: not a git repository (or any parent up to mount point /)
Stopping at filesystem boundary (GIT_DISCOVERY_ACROSS_FILESYSTEM not set).
2025-06-05 09:28:06.533 [info] [Model][doInitialScan] Initial repository scan completed - repositories (0), closed repositories (0), parent repositories (0), unsafe repositories (0)
2025-06-05 09:28:10.831 [info] > git rev-parse --show-toplevel [26ms]
2025-06-05 09:28:10.831 [info] fatal: not a git repository (or any parent up to mount point /)
Stopping at filesystem boundary (GIT_DISCOVERY_ACROSS_FILESYSTEM not set).
