2025-06-05 09:31:02.389 [info] Extension host with pid 1457 started
2025-06-05 09:31:02.419 [info] Lock '/home/srishanthreddyg8/.codeoss/data/User/workspaceStorage/-265d76ad/vscode.lock': Lock acquired.
2025-06-05 09:31:02.968 [info] ExtensionService#_doActivateExtension vscode.emmet, startup: false, activationEvent: 'onLanguage'
2025-06-05 09:31:03.145 [info] ExtensionService#_doActivateExtension vscode.git-base, startup: true, activationEvent: '*', root cause: vscode.git
2025-06-05 09:31:03.153 [info] ExtensionService#_doActivateExtension ms-python.python, startup: true, activationEvent: 'workspaceContains:requirements.txt'
2025-06-05 09:31:03.516 [info] ExtensionService#_doActivateExtension vscode.git, startup: true, activationEvent: '*'
2025-06-05 09:31:03.517 [info] ExtensionService#_doActivateExtension vscode.github, startup: true, activationEvent: '*'
2025-06-05 09:31:03.686 [error] Error: spawn /google/devshell/editor/code-oss-for-cloud-shell/extensions/ms-python.python/python-env-tools/bin/pet ENOENT
	at ChildProcess._handle.onexit (node:internal/child_process:286:19)
	at onErrorNT (node:internal/child_process:484:16)
	at process.processTicksAndRejections (node:internal/process/task_queues:82:21)
2025-06-05 09:31:04.019 [info] Eager extensions activated
2025-06-05 09:31:04.019 [info] ExtensionService#_doActivateExtension EditorConfig.EditorConfig, startup: false, activationEvent: 'onStartupFinished'
2025-06-05 09:31:04.020 [info] ExtensionService#_doActivateExtension google.cloud-shell, startup: false, activationEvent: 'onStartupFinished'
2025-06-05 09:31:04.021 [info] ExtensionService#_doActivateExtension google.geminicodeassist, startup: false, activationEvent: 'onStartupFinished', root cause: googlecloudtools.cloudcode
2025-06-05 09:31:04.021 [info] ExtensionService#_doActivateExtension vscode.debug-auto-launch, startup: false, activationEvent: 'onStartupFinished'
2025-06-05 09:31:04.021 [info] ExtensionService#_doActivateExtension vscode.merge-conflict, startup: false, activationEvent: 'onStartupFinished'
2025-06-05 09:31:05.770 [info] ExtensionService#_doActivateExtension googlecloudtools.cloudcode, startup: false, activationEvent: 'onStartupFinished'
2025-06-05 09:31:09.422 [info] ExtensionService#_doActivateExtension vscode.configuration-editing, startup: false, activationEvent: 'onLanguage:jsonc'
2025-06-05 09:31:09.425 [info] ExtensionService#_doActivateExtension vscode.json-language-features, startup: false, activationEvent: 'onLanguage:jsonc'
2025-06-05 09:31:09.425 [info] ExtensionService#_doActivateExtension vscode.typescript-language-features, startup: false, activationEvent: 'onLanguage:jsonc'
2025-06-05 09:31:10.766 [info] ExtensionService#_doActivateExtension vscode.markdown-language-features, startup: false, activationEvent: 'onCommand:markdown.showPreview'
2025-06-05 09:31:14.901 [info] ExtensionService#_doActivateExtension vscode.extension-editing, startup: false, activationEvent: 'onLanguage:markdown'
2025-06-05 09:31:15.270 [info] ExtensionService#_doActivateExtension vscode.markdown-math, startup: false, activationEvent: 'api', root cause: vscode.markdown-language-features
2025-06-05 09:33:21.064 [info] ExtensionService#_doActivateExtension vscode.html-language-features, startup: false, activationEvent: 'onLanguage:html'
2025-06-05 09:35:05.239 [info] ExtensionService#_doActivateExtension vscode.simple-browser, startup: false, activationEvent: 'onOpenExternalUri:https'
2025-06-05 10:31:37.495 [error] Error: Tool with identifier docs already registered.
    at a.register (/google/devshell/editor/code-oss-for-cloud-shell/extensions/geminicodeassist/dist/webpack:/src/ai-companion/gemini_tool_service.ts:24:13)
    at forEach (/google/devshell/editor/code-oss-for-cloud-shell/extensions/geminicodeassist/dist/webpack:/src/ai-companion/ai_language_client.ts:317:58)
    at Array.forEach (<anonymous>)
    at t.AILanguageClient.<anonymous> (/google/devshell/editor/code-oss-for-cloud-shell/extensions/geminicodeassist/dist/webpack:/src/ai-companion/ai_language_client.ts:317:25)
    at Generator.next (<anonymous>)
    at s (/google/devshell/editor/code-oss-for-cloud-shell/extensions/geminicodeassist/dist/webpack:/src/ai-companion/ai_document_context.ts:90:3)
