2025-06-05 09:28:03.223 [info] Extension host with pid 1353 started
2025-06-05 09:28:03.251 [info] Lock '/home/srishanthreddyg8/.codeoss/data/User/workspaceStorage/-6415330b/vscode.lock': Lock acquired.
2025-06-05 09:28:04.147 [info] ExtensionService#_doActivateExtension vscode.emmet, startup: false, activationEvent: 'onLanguage'
2025-06-05 09:28:04.324 [info] ExtensionService#_doActivateExtension vscode.git-base, startup: true, activationEvent: '*', root cause: vscode.git
2025-06-05 09:28:04.486 [info] ExtensionService#_doActivateExtension vscode.git, startup: true, activationEvent: '*'
2025-06-05 09:28:04.486 [info] ExtensionService#_doActivateExtension vscode.github, startup: true, activationEvent: '*'
2025-06-05 09:28:04.801 [info] Eager extensions activated
2025-06-05 09:28:04.801 [info] ExtensionService#_doActivateExtension EditorConfig.EditorConfig, startup: false, activationEvent: 'onStartupFinished'
2025-06-05 09:28:04.802 [info] ExtensionService#_doActivateExtension google.cloud-shell, startup: false, activationEvent: 'onStartupFinished'
2025-06-05 09:28:04.803 [info] ExtensionService#_doActivateExtension google.geminicodeassist, startup: false, activationEvent: 'onStartupFinished', root cause: googlecloudtools.cloudcode
2025-06-05 09:28:04.803 [info] ExtensionService#_doActivateExtension vscode.debug-auto-launch, startup: false, activationEvent: 'onStartupFinished'
2025-06-05 09:28:04.803 [info] ExtensionService#_doActivateExtension vscode.merge-conflict, startup: false, activationEvent: 'onStartupFinished'
2025-06-05 09:28:07.351 [info] ExtensionService#_doActivateExtension vscode.configuration-editing, startup: false, activationEvent: 'onLanguage:jsonc'
2025-06-05 09:28:07.352 [info] ExtensionService#_doActivateExtension vscode.json-language-features, startup: false, activationEvent: 'onLanguage:jsonc'
2025-06-05 09:28:07.352 [info] ExtensionService#_doActivateExtension vscode.typescript-language-features, startup: false, activationEvent: 'onLanguage:jsonc'
2025-06-05 09:28:07.545 [info] ExtensionService#_doActivateExtension googlecloudtools.cloudcode, startup: false, activationEvent: 'onStartupFinished'
2025-06-05 09:28:09.646 [error] onWillSaveTextDocument-listener from extension 'EditorConfig.EditorConfig' threw ERROR
2025-06-05 09:28:09.652 [error] Error: timeout
    at Timeout._onTimeout (file:///google/devshell/editor/code-oss-for-cloud-shell/out/vs/workbench/api/node/extensionHostProcess.js:137:99781)
    at listOnTimeout (node:internal/timers:581:17)
    at processTimers (node:internal/timers:519:7)
2025-06-05 09:35:53.441 [info] Extension host terminating: renderer disconnected for too long (2)
2025-06-05 09:35:53.442 [info] Lock '/home/srishanthreddyg8/.codeoss/data/User/workspaceStorage/-6415330b/vscode.lock': Marking the lockfile as scheduled to be released in 6000 ms.
2025-06-05 09:35:53.478 [info] Extension host with pid 1353 exiting with code 0
