2025-06-05 09:31:05.506 [info] [main] Log level: Info
2025-06-05 09:31:05.506 [info] [main] Validating found git in: "git"
2025-06-05 09:31:05.507 [info] [main] Using git "2.43.0" from "git"
2025-06-05 09:31:05.507 [info] [Model][doInitialScan] Initial repository scan started
2025-06-05 09:31:05.507 [info] > git rev-parse --show-toplevel [1482ms]
2025-06-05 09:31:05.507 [info] fatal: not a git repository (or any parent up to mount point /)
Stopping at filesystem boundary (GIT_DISCOVERY_ACROSS_FILESYSTEM not set).
2025-06-05 09:31:05.509 [info] > git rev-parse --show-toplevel [4ms]
2025-06-05 09:31:05.509 [info] fatal: not a git repository (or any parent up to mount point /)
Stopping at filesystem boundary (GIT_DISCOVERY_ACROSS_FILESYSTEM not set).
2025-06-05 09:31:05.517 [info] > git rev-parse --show-toplevel [3ms]
2025-06-05 09:31:05.517 [info] fatal: not a git repository (or any parent up to mount point /)
Stopping at filesystem boundary (GIT_DISCOVERY_ACROSS_FILESYSTEM not set).
2025-06-05 09:31:05.527 [info] > git rev-parse --show-toplevel [2ms]
2025-06-05 09:31:05.527 [info] fatal: not a git repository (or any parent up to mount point /)
Stopping at filesystem boundary (GIT_DISCOVERY_ACROSS_FILESYSTEM not set).
2025-06-05 09:31:05.535 [info] > git rev-parse --show-toplevel [3ms]
2025-06-05 09:31:05.535 [info] fatal: not a git repository (or any parent up to mount point /)
Stopping at filesystem boundary (GIT_DISCOVERY_ACROSS_FILESYSTEM not set).
2025-06-05 09:31:05.542 [info] > git rev-parse --show-toplevel [2ms]
2025-06-05 09:31:05.542 [info] fatal: not a git repository (or any parent up to mount point /)
Stopping at filesystem boundary (GIT_DISCOVERY_ACROSS_FILESYSTEM not set).
2025-06-05 09:31:05.548 [info] > git rev-parse --show-toplevel [3ms]
2025-06-05 09:31:05.548 [info] fatal: not a git repository (or any parent up to mount point /)
Stopping at filesystem boundary (GIT_DISCOVERY_ACROSS_FILESYSTEM not set).
2025-06-05 09:31:05.549 [info] [Model][doInitialScan] Initial repository scan completed - repositories (0), closed repositories (0), parent repositories (0), unsafe repositories (0)
2025-06-05 09:33:21.179 [info] > git rev-parse --show-toplevel [8ms]
2025-06-05 09:33:21.179 [info] fatal: not a git repository (or any parent up to mount point /)
Stopping at filesystem boundary (GIT_DISCOVERY_ACROSS_FILESYSTEM not set).
2025-06-05 09:34:46.211 [info] > git rev-parse --show-toplevel [4ms]
2025-06-05 09:34:46.211 [info] fatal: not a git repository (or any parent up to mount point /)
Stopping at filesystem boundary (GIT_DISCOVERY_ACROSS_FILESYSTEM not set).
2025-06-05 09:35:04.590 [info] > git rev-parse --show-toplevel [5ms]
2025-06-05 09:35:04.590 [info] fatal: not a git repository (or any parent up to mount point /)
Stopping at filesystem boundary (GIT_DISCOVERY_ACROSS_FILESYSTEM not set).
2025-06-05 09:36:26.843 [info] > git rev-parse --show-toplevel [4ms]
2025-06-05 09:36:26.843 [info] fatal: not a git repository (or any parent up to mount point /)
Stopping at filesystem boundary (GIT_DISCOVERY_ACROSS_FILESYSTEM not set).
2025-06-05 09:38:33.005 [info] > git rev-parse --show-toplevel [7ms]
2025-06-05 09:38:33.005 [info] fatal: not a git repository (or any parent up to mount point /)
Stopping at filesystem boundary (GIT_DISCOVERY_ACROSS_FILESYSTEM not set).
2025-06-05 09:54:24.491 [info] > git rev-parse --show-toplevel [15ms]
2025-06-05 09:54:24.511 [info] fatal: not a git repository (or any parent up to mount point /)
Stopping at filesystem boundary (GIT_DISCOVERY_ACROSS_FILESYSTEM not set).
2025-06-05 09:54:30.631 [info] > git rev-parse --show-toplevel [2ms]
2025-06-05 09:54:30.631 [info] fatal: not a git repository (or any parent up to mount point /)
Stopping at filesystem boundary (GIT_DISCOVERY_ACROSS_FILESYSTEM not set).
2025-06-05 09:54:35.472 [info] > git rev-parse --show-toplevel [5ms]
2025-06-05 09:54:35.472 [info] fatal: not a git repository (or any parent up to mount point /)
Stopping at filesystem boundary (GIT_DISCOVERY_ACROSS_FILESYSTEM not set).
2025-06-05 10:07:37.291 [info] > git rev-parse --show-toplevel [4ms]
2025-06-05 10:07:37.291 [info] fatal: not a git repository (or any parent up to mount point /)
Stopping at filesystem boundary (GIT_DISCOVERY_ACROSS_FILESYSTEM not set).
